kotlin version: 2.0.20
error message: java.lang.IllegalArgumentException: SyncWorker is not a sub type of the class/interface that contains `<init>` (SyncWorker)
	at com.google.devtools.ksp.processing.impl.ResolverImpl.computeAsMemberOf(ResolverImpl.kt:1085)
	at com.google.devtools.ksp.processing.impl.ResolverImpl.asMemberOf$compiler_plugin(ResolverImpl.kt:1067)
	at com.google.devtools.ksp.symbol.impl.java.KSFunctionDeclarationJavaImpl.asMemberOf(KSFunctionDeclarationJavaImpl.kt:124)
	at dagger.spi.internal.shaded.androidx.room.compiler.processing.ksp.KSAsMemberOfKt.typeAsMemberOf(KSAsMemberOf.kt:63)
	at dagger.spi.internal.shaded.androidx.room.compiler.processing.ksp.KspExecutableParameterElement.createAsMemberOf(KspExecutableParameterElement.kt:82)
	at dagger.spi.internal.shaded.androidx.room.compiler.processing.ksp.KspExecutableParameterElement.access$createAsMemberOf(KspExecutableParameterElement.kt:32)
	at dagger.spi.internal.shaded.androidx.room.compiler.processing.ksp.KspExecutableParameterElement$type$2.invoke(KspExecutableParameterElement.kt:58)
	at dagger.spi.internal.shaded.androidx.room.compiler.processing.ksp.KspExecutableParameterElement$type$2.invoke(KspExecutableParameterElement.kt:58)
	at kotlin.SynchronizedLazyImpl.getValue(LazyJVM.kt:74)
	at dagger.spi.internal.shaded.androidx.room.compiler.processing.ksp.KspExecutableParameterElement.getType(KspExecutableParameterElement.kt:58)
	at dagger.spi.internal.shaded.androidx.room.compiler.processing.ksp.KspExecutableParameterElement.getType(KspExecutableParameterElement.kt:32)
	at java.base/java.util.stream.ReferencePipeline$3$1.accept(ReferencePipeline.java:197)
	at java.base/java.util.ArrayList$ArrayListSpliterator.forEachRemaining(ArrayList.java:1625)
	at java.base/java.util.stream.AbstractPipeline.copyInto(AbstractPipeline.java:509)
	at java.base/java.util.stream.AbstractPipeline.wrapAndCopyInto(AbstractPipeline.java:499)
	at java.base/java.util.stream.ReduceOps$ReduceOp.evaluateSequential(ReduceOps.java:921)
	at java.base/java.util.stream.AbstractPipeline.evaluate(AbstractPipeline.java:234)
	at java.base/java.util.stream.ReferencePipeline.collect(ReferencePipeline.java:682)
	at dagger.internal.codegen.xprocessing.XElements.toStableString(XElements.java:346)
	at dagger.internal.codegen.base.DaggerSuperficialValidation$ValidationException.getMessageForElement(DaggerSuperficialValidation.java:637)
	at dagger.internal.codegen.base.DaggerSuperficialValidation$ValidationException.getMessageInternal(DaggerSuperficialValidation.java:619)
	at dagger.internal.codegen.base.DaggerSuperficialValidation$ValidationException.getTrace(DaggerSuperficialValidation.java:607)
	at dagger.internal.codegen.base.DaggerSuperficialValidation$ValidationException.getMessage(DaggerSuperficialValidation.java:603)
	at java.base/java.lang.Throwable.getLocalizedMessage(Throwable.java:397)
	at java.base/java.lang.Throwable.toString(Throwable.java:496)
	at java.base/java.lang.String.valueOf(String.java:4220)
	at java.base/java.io.PrintWriter.println(PrintWriter.java:835)
	at java.base/java.lang.Throwable$WrappedPrintWriter.println(Throwable.java:779)
	at java.base/java.lang.Throwable.printStackTrace(Throwable.java:670)
	at java.base/java.lang.Throwable.printStackTrace(Throwable.java:736)
	at com.google.devtools.ksp.AbstractKotlinSymbolProcessingExtension.handleException$logToError(KotlinSymbolProcessingExtension.kt:418)
	at com.google.devtools.ksp.AbstractKotlinSymbolProcessingExtension.handleException(KotlinSymbolProcessingExtension.kt:458)
	at com.google.devtools.ksp.AbstractKotlinSymbolProcessingExtension.doAnalysis(KotlinSymbolProcessingExtension.kt:308)
	at org.jetbrains.kotlin.cli.jvm.compiler.TopDownAnalyzerFacadeForJVM.analyzeFilesWithJavaIntegration(TopDownAnalyzerFacadeForJVM.kt:112)
	at org.jetbrains.kotlin.cli.jvm.compiler.TopDownAnalyzerFacadeForJVM.analyzeFilesWithJavaIntegration$default(TopDownAnalyzerFacadeForJVM.kt:75)
	at org.jetbrains.kotlin.cli.jvm.compiler.KotlinToJVMBytecodeCompiler.analyze$lambda$12(KotlinToJVMBytecodeCompiler.kt:373)
	at org.jetbrains.kotlin.cli.common.messages.AnalyzerWithCompilerReport.analyzeAndReport(AnalyzerWithCompilerReport.kt:112)
	at org.jetbrains.kotlin.cli.jvm.compiler.KotlinToJVMBytecodeCompiler.analyze(KotlinToJVMBytecodeCompiler.kt:364)
	at org.jetbrains.kotlin.cli.jvm.compiler.KotlinToJVMBytecodeCompiler.runFrontendAndGenerateIrUsingClassicFrontend(KotlinToJVMBytecodeCompiler.kt:195)
	at org.jetbrains.kotlin.cli.jvm.compiler.KotlinToJVMBytecodeCompiler.compileModules$cli(KotlinToJVMBytecodeCompiler.kt:106)
	at org.jetbrains.kotlin.cli.jvm.K2JVMCompiler.doExecute(K2JVMCompiler.kt:170)
	at org.jetbrains.kotlin.cli.jvm.K2JVMCompiler.doExecute(K2JVMCompiler.kt:43)
	at org.jetbrains.kotlin.cli.common.CLICompiler.execImpl(CLICompiler.kt:103)
	at org.jetbrains.kotlin.cli.common.CLICompiler.execImpl(CLICompiler.kt:49)
	at org.jetbrains.kotlin.cli.common.CLITool.exec(CLITool.kt:101)
	at org.jetbrains.kotlin.daemon.CompileServiceImpl.compile(CompileServiceImpl.kt:1555)
	at jdk.internal.reflect.GeneratedMethodAccessor98.invoke(Unknown Source)
	at java.base/jdk.internal.reflect.DelegatingMethodAccessorImpl.invoke(DelegatingMethodAccessorImpl.java:43)
	at java.base/java.lang.reflect.Method.invoke(Method.java:569)
	at java.rmi/sun.rmi.server.UnicastServerRef.dispatch(UnicastServerRef.java:360)
	at java.rmi/sun.rmi.transport.Transport$1.run(Transport.java:200)
	at java.rmi/sun.rmi.transport.Transport$1.run(Transport.java:197)
	at java.base/java.security.AccessController.doPrivileged(AccessController.java:712)
	at java.rmi/sun.rmi.transport.Transport.serviceCall(Transport.java:196)
	at java.rmi/sun.rmi.transport.tcp.TCPTransport.handleMessages(TCPTransport.java:587)
	at java.rmi/sun.rmi.transport.tcp.TCPTransport$ConnectionHandler.run0(TCPTransport.java:828)
	at java.rmi/sun.rmi.transport.tcp.TCPTransport$ConnectionHandler.lambda$run$0(TCPTransport.java:705)
	at java.base/java.security.AccessController.doPrivileged(AccessController.java:399)
	at java.rmi/sun.rmi.transport.tcp.TCPTransport$ConnectionHandler.run(TCPTransport.java:704)
	at java.base/java.util.concurrent.ThreadPoolExecutor.runWorker(ThreadPoolExecutor.java:1136)
	at java.base/java.util.concurrent.ThreadPoolExecutor$Worker.run(ThreadPoolExecutor.java:635)
	at java.base/java.lang.Thread.run(Thread.java:840)


